app/build/intermediates/manifest_merge_blame_file/debug/manifest-merger-blame-debug-report.txt
1<?xml version="1.0" encoding="utf-8"?>
2<manifest xmlns:android="http://schemas.android.com/apk/res/android"
3    package="com.codingnation.test"
4    android:versionCode="1"
5    android:versionName="1.0" >
6
7    <uses-sdk
8        android:minSdkVersion="19"
8-->src\main\AndroidManifest.xml
9        android:targetSdkVersion="27" />
9-->src\main\AndroidManifest.xml
10
11    <uses-permission android:name="android.permission.CALL_PHONE" />
11-->src\main\AndroidManifest.xml:6:5-69
11-->src\main\AndroidManifest.xml:6:22-66
12    <uses-permission android:name="android.permission.INTERNET" />
12-->src\main\AndroidManifest.xml:7:5-67
12-->src\main\AndroidManifest.xml:7:22-64
13    <uses-permission android:name="android.permission.ACCESS_FINE_LOCATION" />
13-->src\main\AndroidManifest.xml:8:5-79
13-->src\main\AndroidManifest.xml:8:22-76
14    <uses-permission android:name="android.permission.ACCESS_COARSE_LOCATION" />
14-->src\main\AndroidManifest.xml:9:5-81
14-->src\main\AndroidManifest.xml:9:22-78
15    <uses-permission android:name="android.permission.ACCESS_NETWORK_STATE" />
15-->src\main\AndroidManifest.xml:10:5-79
15-->src\main\AndroidManifest.xml:10:22-76
16    <uses-permission android:name="android.permission.READ_EXTERNAL_STORAGE" />
16-->src\main\AndroidManifest.xml:11:5-80
16-->src\main\AndroidManifest.xml:11:22-77
17    <uses-permission android:name="android.permission.WRITE_EXTERNAL_STORAGE" />
17-->src\main\AndroidManifest.xml:12:5-81
17-->src\main\AndroidManifest.xml:12:22-78
18    <uses-permission android:name="android.permission.CAMERA" />
18-->src\main\AndroidManifest.xml:13:5-65
18-->src\main\AndroidManifest.xml:13:22-62
19    <uses-permission android:name="android.permission.READ_SMS" />
19-->src\main\AndroidManifest.xml:14:5-67
19-->src\main\AndroidManifest.xml:14:22-64
20    <uses-permission android:name="android.permission.RECEIVE_SMS" />
20-->src\main\AndroidManifest.xml:15:5-70
20-->src\main\AndroidManifest.xml:15:22-67
21    <uses-permission android:name="android.permission.FLASHLIGHT" />
21-->src\main\AndroidManifest.xml:16:5-69
21-->src\main\AndroidManifest.xml:16:22-66
22
23    <application
23-->src\main\AndroidManifest.xml:18:5-37:19
24        android:name="com.codingnation.textlocal.data.MyApplication"
24-->src\main\AndroidManifest.xml:19:9-69
25        android:allowBackup="true"
25-->src\main\AndroidManifest.xml:20:9-35
26        android:debuggable="true"
27        android:fullBackupContent="true"
27-->src\main\AndroidManifest.xml:21:9-41
28        android:icon="@drawable/logo"
28-->src\main\AndroidManifest.xml:22:9-38
29        android:label="@string/app_name"
29-->src\main\AndroidManifest.xml:23:9-41
30        android:supportsRtl="true"
30-->src\main\AndroidManifest.xml:24:9-35
31        android:testOnly="true"
32        android:theme="@style/AppTheme" >
32-->src\main\AndroidManifest.xml:25:9-40
33        <activity android:name="com.codingnation.textlocal.base.MainActivity" >
33-->src\main\AndroidManifest.xml:29:9-35:20
33-->src\main\AndroidManifest.xml:29:19-78
34            <intent-filter>
34-->src\main\AndroidManifest.xml:30:13-34:29
35                <action android:name="android.intent.action.MAIN" />
35-->src\main\AndroidManifest.xml:31:17-69
35-->src\main\AndroidManifest.xml:31:25-66
36
37                <category android:name="android.intent.category.LAUNCHER" />
37-->src\main\AndroidManifest.xml:33:17-77
37-->src\main\AndroidManifest.xml:33:27-74
38            </intent-filter>
39        </activity>
40
41        <provider
41-->[android.arch.lifecycle:extensions:1.0.0] AndroidManifest.xml:25:9-29:43
42            android:name="android.arch.lifecycle.ProcessLifecycleOwnerInitializer"
42-->[android.arch.lifecycle:extensions:1.0.0] AndroidManifest.xml:26:13-83
43            android:authorities="com.codingnation.test.lifecycle-trojan"
43-->[android.arch.lifecycle:extensions:1.0.0] AndroidManifest.xml:27:13-68
44            android:exported="false"
44-->[android.arch.lifecycle:extensions:1.0.0] AndroidManifest.xml:28:13-37
45            android:multiprocess="true" />
45-->[android.arch.lifecycle:extensions:1.0.0] AndroidManifest.xml:29:13-40
46    </application>
47
48</manifest>